<?xml version="1.0" encoding="UTF-8"?>
<!-- Generated by org.testng.reporters.JUnitReportReporter -->
<testsuite hostname="toma" failures="0" tests="1" name="tests.BaseTest" time="86.870" errors="0" timestamp="2021-09-28T22:32:54 AMT" skipped="0">
  <testcase classname="tests.BaseTest" name="checkCheck" time="86.870"/>
  <system-out/>
</testsuite> <!-- tests.BaseTest -->
